<?xml version="1.0" encoding="UTF-8"?>
<testsuite name="test.LoginTest" tests="1" skipped="0" failures="0" errors="0" timestamp="2021-06-24T09:35:06" hostname="DESKTOP-2EVVVF8" time="9.722">
  <properties/>
  <testcase name="LoginTest" classname="test.LoginTest" time="9.722"/>
  <system-out><![CDATA[]]></system-out>
  <system-err><![CDATA[]]></system-err>
</testsuite>
